iMPACT Version: 14.7

iMPACT log file Started on Thu Jun 20 12:26:51 2019

Welcome to iMPACT
iMPACT Version: 14.7
// *** BATCH CMD : setMode -bs
INFO:iMPACT - Project Directory '' does not exist or is not writeable.
INFO:iMPACT - File output changed to working directory   '/home/dmb/atom/RGBtoHDMI/src/scripts/cpld_firmware'.
// *** BATCH CMD : setCable -port xsvf -file"/home/dmb/atom/RGBtoHDMI/src/scripts/cpld_firmware/atom/ATOM_CPLD_v24.xsvf"
// *** BATCH CMD : addDevice -p 1 -file"/home/dmb/atom/RGBtoHDMI/vhdl_atom/RGBtoHDMI.jed"
'1': Loading file '/home/dmb/atom/RGBtoHDMI/vhdl_atom/RGBtoHDMI.jed' ...
done.
INFO:iMPACT:1777 - 
   Reading /opt/Xilinx/14.7/ISE_DS/ISE/xc9500xl/data/xc9572xl.bsd...
INFO:iMPACT:501 - '1': Added Device xc9572xl successfully.
----------------------------------------------------------------------
INFO:iMPACT - Current time: 20/06/2019 12:28
WARNING:iMPACT - Warning: SVF Programming of 9500 series CPLDs is not supported   by every third-party boundary-scan tool provider. Please check for support   before using this SVF file to program a 9500 series device.
// *** BATCH CMD : Program -p 1 -e -v 

'1': Erasing device...
'1': Erasure completed successfully.
'1': Programming device...
PROGRESS_START - Starting Operation.
done.
'1': Putting device in ISP mode...done.
'1': Putting device in ISP mode...done.
'1': Verifying device...done.
'1': Verification completed successfully.
'1': Putting device in ISP mode...done.
'1': Programming completed successfully.
PROGRESS_END - End Operation.
Elapsed time =      0 sec.
// *** BATCH CMD : setMode -bs
// *** BATCH CMD : deleteDevice -position 1
// *** BATCH CMD : setMode -bs
// *** BATCH CMD : setMode -ss
// *** BATCH CMD : setMode -sm
// *** BATCH CMD : setMode -hw140
// *** BATCH CMD : setMode -spi
// *** BATCH CMD : setMode -acecf
// *** BATCH CMD : setMode -acempm
// *** BATCH CMD : setMode -pff
